This file contains any messages produced by compilers while
running configure, to aid debugging if configure makes a mistake.

It was created by summarize configure 0.0.1, which was
generated by GNU Autoconf 2.69.  Invocation command line was

  $ ./configure 

## --------- ##
## Platform. ##
## --------- ##

hostname = bell.local
uname -m = x86_64
uname -r = 4.14.13-gentoo
uname -s = Linux
uname -v = #1 SMP Tue Jan 16 14:33:14 CST 2018

/usr/bin/uname -p = Intel(R) Core(TM) i7-6600U CPU @ 2.60GHz
/bin/uname -X     = unknown

/bin/arch              = unknown
/usr/bin/arch -k       = unknown
/usr/convex/getsysinfo = unknown
/usr/bin/hostinfo      = unknown
/bin/machine           = unknown
/usr/bin/oslevel       = unknown
/bin/universe          = unknown

PATH: /home/albatross/.local/bin
PATH: /home/albatross/.bin
PATH: /home/albatross/.local/bin
PATH: /home/albatross/.bin
PATH: /home/albatross/Applications/.bin
PATH: /usr/bin
PATH: /usr/x86_64-pc-linux-gnu/gcc-bin/6.4.0
PATH: /usr/lib/llvm/5/bin
PATH: /usr/local/bin
PATH: /usr/bin
PATH: /bin
PATH: /opt/bin
PATH: /opt/IntelliJ/bin
PATH: /home/albatross/.gem/ruby/2.4.0/bin
PATH: /home/albatross/arc/arcanist/bin
PATH: /opt/IntelliJ/bin
PATH: /home/albatross/.gem/ruby/2.4.0/bin
PATH: /home/albatross/arc/arcanist/bin


## ----------- ##
## Core tests. ##
## ----------- ##

configure:1837: checking for a BSD-compatible install
configure:1905: result: /usr/bin/install -c
configure:1916: checking whether build environment is sane
configure:1971: result: yes
configure:2122: checking for a thread-safe mkdir -p
configure:2161: result: /bin/mkdir -p
configure:2168: checking for gawk
configure:2184: found /usr/bin/gawk
configure:2195: result: gawk
configure:2206: checking whether make sets $(MAKE)
configure:2228: result: yes
configure:2257: checking whether make supports nested variables
configure:2274: result: yes
configure:2463: checking for g++
configure:2479: found /usr/bin/g++
configure:2490: result: g++
configure:2517: checking for C++ compiler version
configure:2526: g++ --version >&5
g++ (Gentoo 6.4.0 p1.1) 6.4.0
Copyright (C) 2017 Free Software Foundation, Inc.
This is free software; see the source for copying conditions.  There is NO
warranty; not even for MERCHANTABILITY or FITNESS FOR A PARTICULAR PURPOSE.

configure:2537: $? = 0
configure:2526: g++ -v >&5
Using built-in specs.
COLLECT_GCC=/usr/x86_64-pc-linux-gnu/gcc-bin/6.4.0/g++
COLLECT_LTO_WRAPPER=/usr/libexec/gcc/x86_64-pc-linux-gnu/6.4.0/lto-wrapper
Target: x86_64-pc-linux-gnu
Configured with: /var/tmp/portage/sys-devel/gcc-6.4.0/work/gcc-6.4.0/configure --host=x86_64-pc-linux-gnu --build=x86_64-pc-linux-gnu --prefix=/usr --bindir=/usr/x86_64-pc-linux-gnu/gcc-bin/6.4.0 --includedir=/usr/lib/gcc/x86_64-pc-linux-gnu/6.4.0/include --datadir=/usr/share/gcc-data/x86_64-pc-linux-gnu/6.4.0 --mandir=/usr/share/gcc-data/x86_64-pc-linux-gnu/6.4.0/man --infodir=/usr/share/gcc-data/x86_64-pc-linux-gnu/6.4.0/info --with-gxx-include-dir=/usr/lib/gcc/x86_64-pc-linux-gnu/6.4.0/include/g++-v6 --with-python-dir=/share/gcc-data/x86_64-pc-linux-gnu/6.4.0/python --enable-languages=c,c++,fortran --enable-obsolete --enable-secureplt --disable-werror --with-system-zlib --enable-nls --without-included-gettext --enable-checking=release --with-bugurl=https://bugs.gentoo.org/ --with-pkgversion='Gentoo 6.4.0 p1.1' --disable-esp --enable-libstdcxx-time --enable-shared --enable-threads=posix --enable-__cxa_atexit --enable-clocale=gnu --disable-multilib --with-multilib-list=m64 --disable-altivec --disable-fixed-point --enable-targets=all --disable-libgcj --enable-libgomp --disable-libmudflap --disable-libssp --disable-libcilkrts --disable-libmpx --enable-vtable-verify --enable-libvtv --enable-lto --with-isl --disable-isl-version-check --enable-libsanitizer --enable-default-pie --enable-default-ssp
Thread model: posix
gcc version 6.4.0 (Gentoo 6.4.0 p1.1) 
configure:2537: $? = 0
configure:2526: g++ -V >&5
g++: error: unrecognized command line option '-V'
g++: fatal error: no input files
compilation terminated.
configure:2537: $? = 1
configure:2526: g++ -qversion >&5
g++: error: unrecognized command line option '-qversion'; did you mean '--version'?
g++: fatal error: no input files
compilation terminated.
configure:2537: $? = 1
configure:2557: checking whether the C++ compiler works
configure:2579: g++ -Og -g -Wall -Wextra -pedantic   conftest.cpp  >&5
configure:2583: $? = 0
configure:2631: result: yes
configure:2634: checking for C++ compiler default output file name
configure:2636: result: a.out
configure:2642: checking for suffix of executables
configure:2649: g++ -o conftest -Og -g -Wall -Wextra -pedantic   conftest.cpp  >&5
configure:2653: $? = 0
configure:2675: result: 
configure:2697: checking whether we are cross compiling
configure:2705: g++ -o conftest -Og -g -Wall -Wextra -pedantic   conftest.cpp  >&5
configure:2709: $? = 0
configure:2716: ./conftest
configure:2720: $? = 0
configure:2735: result: no
configure:2740: checking for suffix of object files
configure:2762: g++ -c -Og -g -Wall -Wextra -pedantic  conftest.cpp >&5
configure:2766: $? = 0
configure:2787: result: o
configure:2791: checking whether we are using the GNU C++ compiler
configure:2810: g++ -c -Og -g -Wall -Wextra -pedantic  conftest.cpp >&5
configure:2810: $? = 0
configure:2819: result: yes
configure:2828: checking whether g++ accepts -g
configure:2848: g++ -c -g  conftest.cpp >&5
configure:2848: $? = 0
configure:2889: result: yes
configure:2923: checking for style of include used by make
configure:2951: result: GNU
configure:2977: checking dependency style of g++
configure:3088: result: gcc3
configure:3221: checking that generated files are newer than configure
configure:3227: result: done
configure:3250: creating ./config.status

## ---------------------- ##
## Running config.status. ##
## ---------------------- ##

This file was extended by summarize config.status 0.0.1, which was
generated by GNU Autoconf 2.69.  Invocation command line was

  CONFIG_FILES    = 
  CONFIG_HEADERS  = 
  CONFIG_LINKS    = 
  CONFIG_COMMANDS = 
  $ ./config.status 

on bell.local

config.status:839: creating Makefile
config.status:839: creating config.h
config.status:1020: config.h is unchanged
config.status:1068: executing depfiles commands

## ---------------- ##
## Cache variables. ##
## ---------------- ##

ac_cv_cxx_compiler_gnu=yes
ac_cv_env_CCC_set=
ac_cv_env_CCC_value=
ac_cv_env_CPPFLAGS_set=
ac_cv_env_CPPFLAGS_value=
ac_cv_env_CXXFLAGS_set=set
ac_cv_env_CXXFLAGS_value='-Og -g -Wall -Wextra -pedantic'
ac_cv_env_CXX_set=
ac_cv_env_CXX_value=
ac_cv_env_LDFLAGS_set=
ac_cv_env_LDFLAGS_value=
ac_cv_env_LIBS_set=
ac_cv_env_LIBS_value=
ac_cv_env_build_alias_set=
ac_cv_env_build_alias_value=
ac_cv_env_host_alias_set=
ac_cv_env_host_alias_value=
ac_cv_env_target_alias_set=
ac_cv_env_target_alias_value=
ac_cv_objext=o
ac_cv_path_install='/usr/bin/install -c'
ac_cv_path_mkdir=/bin/mkdir
ac_cv_prog_AWK=gawk
ac_cv_prog_ac_ct_CXX=g++
ac_cv_prog_cxx_g=yes
ac_cv_prog_make_make_set=yes
am_cv_CXX_dependencies_compiler_type=gcc3
am_cv_make_support_nested_variables=yes

## ----------------- ##
## Output variables. ##
## ----------------- ##

ACLOCAL='${SHELL} /home/albatross/programming/summarize/missing aclocal-1.15'
AMDEPBACKSLASH='\'
AMDEP_FALSE='#'
AMDEP_TRUE=''
AMTAR='$${TAR-tar}'
AM_BACKSLASH='\'
AM_DEFAULT_V='$(AM_DEFAULT_VERBOSITY)'
AM_DEFAULT_VERBOSITY='1'
AM_V='$(V)'
AUTOCONF='${SHELL} /home/albatross/programming/summarize/missing autoconf'
AUTOHEADER='${SHELL} /home/albatross/programming/summarize/missing autoheader'
AUTOMAKE='${SHELL} /home/albatross/programming/summarize/missing automake-1.15'
AWK='gawk'
CPPFLAGS=''
CXX='g++'
CXXDEPMODE='depmode=gcc3'
CXXFLAGS='-Og -g -Wall -Wextra -pedantic'
CYGPATH_W='echo'
DEFS='-DHAVE_CONFIG_H'
DEPDIR='.deps'
ECHO_C=''
ECHO_N='-n'
ECHO_T=''
EXEEXT=''
INSTALL_DATA='${INSTALL} -m 644'
INSTALL_PROGRAM='${INSTALL}'
INSTALL_SCRIPT='${INSTALL}'
INSTALL_STRIP_PROGRAM='$(install_sh) -c -s'
LDFLAGS=''
LIBOBJS=''
LIBS=''
LTLIBOBJS=''
MAKEINFO='${SHELL} /home/albatross/programming/summarize/missing makeinfo'
MKDIR_P='/bin/mkdir -p'
OBJEXT='o'
PACKAGE='summarize'
PACKAGE_BUGREPORT='andrewgrantbrooks@gmail.com'
PACKAGE_NAME='summarize'
PACKAGE_STRING='summarize 0.0.1'
PACKAGE_TARNAME='summarize'
PACKAGE_URL=''
PACKAGE_VERSION='0.0.1'
PATH_SEPARATOR=':'
SET_MAKE=''
SHELL='/bin/sh'
STRIP=''
VERSION='0.0.1'
ac_ct_CXX='g++'
am__EXEEXT_FALSE=''
am__EXEEXT_TRUE='#'
am__fastdepCXX_FALSE='#'
am__fastdepCXX_TRUE=''
am__include='include'
am__isrc=''
am__leading_dot='.'
am__nodep='_no'
am__quote=''
am__tar='$${TAR-tar} chof - "$$tardir"'
am__untar='$${TAR-tar} xf -'
bindir='${exec_prefix}/bin'
build_alias=''
datadir='${datarootdir}'
datarootdir='${prefix}/share'
docdir='${datarootdir}/doc/${PACKAGE_TARNAME}'
dvidir='${docdir}'
exec_prefix='${prefix}'
host_alias=''
htmldir='${docdir}'
includedir='${prefix}/include'
infodir='${datarootdir}/info'
install_sh='${SHELL} /home/albatross/programming/summarize/install-sh'
libdir='${exec_prefix}/lib'
libexecdir='${exec_prefix}/libexec'
localedir='${datarootdir}/locale'
localstatedir='${prefix}/var'
mandir='${datarootdir}/man'
mkdir_p='$(MKDIR_P)'
oldincludedir='/usr/include'
pdfdir='${docdir}'
prefix='/usr/local'
program_transform_name='s,x,x,'
psdir='${docdir}'
sbindir='${exec_prefix}/sbin'
sharedstatedir='${prefix}/com'
sysconfdir='${prefix}/etc'
target_alias=''

## ----------- ##
## confdefs.h. ##
## ----------- ##

/* confdefs.h */
#define PACKAGE_NAME "summarize"
#define PACKAGE_TARNAME "summarize"
#define PACKAGE_VERSION "0.0.1"
#define PACKAGE_STRING "summarize 0.0.1"
#define PACKAGE_BUGREPORT "andrewgrantbrooks@gmail.com"
#define PACKAGE_URL ""
#define PACKAGE "summarize"
#define VERSION "0.0.1"

configure: exit 0
